  main.cpp
e:\cworkspace\alg\algorithmpractice\algorithmpractice\sorthelper.h(11): warning C4244: 'argument': conversion from 'time_t' to 'unsigned int', possible loss of data
e:\cworkspace\alg\algorithmpractice\algorithmpractice\sorthelper.h(12): warning C4018: '<': signed/unsigned mismatch
d:\vs\vc\include\xutility(2372): error C4996: 'std::copy::_Unchecked_iterators::_Deprecate': Call to 'std::copy' with parameters that may be unsafe - this call relies on the caller to check that the passed values are correct. To disable this warning, use -D_SCL_SECURE_NO_WARNINGS. See documentation on how to use Visual C++ 'Checked Iterators'
  d:\vs\vc\include\xutility(2372): note: see declaration of 'std::copy::_Unchecked_iterators::_Deprecate'
  e:\cworkspace\alg\algorithmpractice\algorithmpractice\sorthelper.h(34): note: see reference to function template instantiation '_OutIt *std::copy<int*,int*>(_InIt,_InIt,_OutIt)' being compiled
          with
          [
              _OutIt=int *,
              _InIt=int *
          ]
e:\cworkspace\alg\algorithmpractice\algorithmpractice\sort.h(9): warning C4018: '<': signed/unsigned mismatch
  e:\cworkspace\alg\algorithmpractice\algorithmpractice\main.cpp(9): note: see reference to function template instantiation 'void sortMethods::bubbleSort<T>(T *,int)' being compiled
          with
          [
              T=int
          ]
e:\cworkspace\alg\algorithmpractice\algorithmpractice\sorthelper.h(18): warning C4018: '<': signed/unsigned mismatch
  e:\cworkspace\alg\algorithmpractice\algorithmpractice\main.cpp(10): note: see reference to function template instantiation 'void sortHelper::print<int>(T *,int)' being compiled
          with
          [
              T=int
          ]
