  main.cpp
e:\cworkspace\alg\algorithmpractice\algorithmpractice\sorthelper.h(17): warning C4244: 'argument': conversion from 'time_t' to 'unsigned int', possible loss of data
e:\cworkspace\alg\algorithmpractice\algorithmpractice\sorthelper.h(55): warning C4267: 'argument': conversion from 'size_t' to 'int', possible loss of data
  e:\cworkspace\alg\algorithmpractice\algorithmpractice\main.cpp(25): note: see reference to function template instantiation 'void sortHelper::testSort<int>(void (__cdecl *)(T *,std::size_t),T *,std::size_t)' being compiled
          with
          [
              T=int
          ]
e:\cworkspace\alg\algorithmpractice\algorithmpractice\quicksort.h(120): warning C4244: 'argument': conversion from 'time_t' to 'unsigned int', possible loss of data
  e:\cworkspace\alg\algorithmpractice\algorithmpractice\main.cpp(23): note: see reference to function template instantiation 'void liusort::quickSort<T>(T [],int)' being compiled
          with
          [
              T=int
          ]
e:\cworkspace\alg\algorithmpractice\algorithmpractice\sort.h(185): warning C4244: 'argument': conversion from 'time_t' to 'unsigned int', possible loss of data
  e:\cworkspace\alg\algorithmpractice\algorithmpractice\main.cpp(25): note: see reference to function template instantiation 'void sortMethods::quickSort2<T>(T *,std::size_t)' being compiled
          with
          [
              T=int
          ]
e:\cworkspace\alg\algorithmpractice\algorithmpractice\sort.h(140): warning C4267: 'argument': conversion from 'size_t' to 'int', possible loss of data
  e:\cworkspace\alg\algorithmpractice\algorithmpractice\sort.h(186): note: see reference to function template instantiation 'void sortMethods::__quickSort2<T>(T *&,std::size_t,std::size_t)' being compiled
          with
          [
              T=int
          ]
  e:\cworkspace\alg\algorithmpractice\algorithmpractice\main.cpp(25): note: see reference to function template instantiation 'void sortMethods::quickSort2<T>(T *,std::size_t)' being compiled
          with
          [
              T=int
          ]
e:\cworkspace\alg\algorithmpractice\algorithmpractice\sort.h(40): warning C4267: '=': conversion from 'size_t' to 'int', possible loss of data
  e:\cworkspace\alg\algorithmpractice\algorithmpractice\sort.h(91): note: see reference to function template instantiation 'void sortMethods::insertSort<T>(T *,int)' being compiled
          with
          [
              T=int
          ]
  e:\cworkspace\alg\algorithmpractice\algorithmpractice\sort.h(106): note: see reference to function template instantiation 'void sortMethods::__mergeSort2<T>(T *&,int,int)' being compiled
          with
          [
              T=int
          ]
  e:\cworkspace\alg\algorithmpractice\algorithmpractice\main.cpp(18): note: see reference to function template instantiation 'void sortMethods::mergeSort2<T>(T *,int)' being compiled
          with
          [
              T=int
          ]
  algorithmPractice.vcxproj -> E:\cworkspace\alg\algorithmPractice\x64\Debug\sort.exe
  algorithmPractice.vcxproj -> E:\cworkspace\alg\algorithmPractice\x64\Debug\sort.pdb (Full PDB)
